pn_history max(lengths): 433
feature_text max(lengths): 30
max_len: 466
========== fold: 0 training ==========
========== fold: 0 training ==========
========== fold: 0 training ==========
========== fold: 0 training ==========
pn_history max(lengths): 433
feature_text max(lengths): 30
max_len: 466
========== fold: 0 training ==========
pn_history max(lengths): 433
feature_text max(lengths): 30
max_len: 466
========== fold: 0 training ==========
pn_history max(lengths): 433
feature_text max(lengths): 30
max_len: 466
========== fold: 0 training ==========
pn_history max(lengths): 433
feature_text max(lengths): 30
max_len: 466
========== fold: 0 training ==========
pn_history max(lengths): 433
feature_text max(lengths): 30
max_len: 466
========== fold: 0 training ==========
Epoch 1 - avg_train_loss: 0.0238  avg_val_loss: 0.0153  time: 3759s
Epoch 1 - Score: 0.8350
Epoch 1 - Save Best Score: 0.8350 Model
Epoch 2 - avg_train_loss: 0.0145  avg_val_loss: 0.0170  time: 3751s
Epoch 2 - Score: 0.8590
Epoch 2 - Save Best Score: 0.8590 Model
Epoch 3 - avg_train_loss: 0.0110  avg_val_loss: 0.0147  time: 3742s
Epoch 3 - Score: 0.8628
Epoch 3 - Save Best Score: 0.8628 Model
pn_history max(lengths): 433
feature_text max(lengths): 30
max_len: 466
========== fold: 0 training ==========
========== fold: 0 training ==========
pn_history max(lengths): 433
feature_text max(lengths): 30
max_len: 466
========== fold: 0 training ==========
pn_history max(lengths): 433
feature_text max(lengths): 30
max_len: 466
========== fold: 0 training ==========
pn_history max(lengths): 433
feature_text max(lengths): 30
max_len: 466
========== fold: 0 training ==========
pn_history max(lengths): 433
feature_text max(lengths): 30
max_len: 466
========== fold: 0 training ==========
pn_history max(lengths): 433
feature_text max(lengths): 30
max_len: 466
========== fold: 0 training ==========
pn_history max(lengths): 433
feature_text max(lengths): 30
max_len: 466
========== fold: 0 training ==========
pn_history max(lengths): 433
feature_text max(lengths): 30
max_len: 466
========== fold: 0 training ==========
========== fold: 0 training ==========
Epoch 1 - avg_train_loss: 0.1268  avg_val_loss: 0.0062  time: 52s
Epoch 1 - Score: 0.9525
Epoch 1 - Save Best Score: 0.9525 Model
Epoch 2 - avg_train_loss: 0.0237  avg_val_loss: 0.0064  time: 26s
Epoch 2 - Score: 0.9479
Epoch 3 - avg_train_loss: 0.0159  avg_val_loss: 0.0060  time: 26s
Epoch 3 - Score: 0.9588
Epoch 3 - Save Best Score: 0.9588 Model
Epoch 4 - avg_train_loss: 0.0140  avg_val_loss: 0.0056  time: 26s
Epoch 4 - Score: 0.9588
Epoch 5 - avg_train_loss: 0.0133  avg_val_loss: 0.0057  time: 26s
Epoch 5 - Score: 0.9588
========== fold: 0 result ==========
Score: 0.9588
========== fold: 1 training ==========
Epoch 1 - avg_train_loss: 0.1800  avg_val_loss: 0.0054  time: 26s
Epoch 1 - Score: 0.9729
Epoch 1 - Save Best Score: 0.9729 Model
Epoch 2 - avg_train_loss: 0.0140  avg_val_loss: 0.0039  time: 26s
Epoch 2 - Score: 0.9729
Epoch 3 - avg_train_loss: 0.0129  avg_val_loss: 0.0038  time: 26s
Epoch 3 - Score: 0.9745
Epoch 3 - Save Best Score: 0.9745 Model
Epoch 4 - avg_train_loss: 0.0136  avg_val_loss: 0.0038  time: 26s
Epoch 4 - Score: 0.9745
Epoch 5 - avg_train_loss: 0.0113  avg_val_loss: 0.0038  time: 26s
Epoch 5 - Score: 0.9745
========== fold: 1 result ==========
Score: 0.9745
========== fold: 2 training ==========
Epoch 1 - avg_train_loss: 0.2084  avg_val_loss: 0.0198  time: 26s
Epoch 1 - Score: 0.7774
Epoch 1 - Save Best Score: 0.7774 Model
Epoch 2 - avg_train_loss: 0.0113  avg_val_loss: 0.0113  time: 26s
Epoch 2 - Score: 0.8896
Epoch 2 - Save Best Score: 0.8896 Model
Epoch 3 - avg_train_loss: 0.0097  avg_val_loss: 0.0127  time: 26s
Epoch 3 - Score: 0.8861
Epoch 4 - avg_train_loss: 0.0095  avg_val_loss: 0.0125  time: 26s
Epoch 4 - Score: 0.8896
========== fold: 0 training ==========
pn_history max(lengths): 433
feature_text max(lengths): 30
max_len: 466
========== fold: 0 training ==========
Epoch 1 - avg_train_loss: 0.1268  avg_val_loss: 0.0062  time: 28s
Epoch 1 - Score: 0.9525
Epoch 1 - Save Best Score: 0.9525 Model
Epoch 2 - avg_train_loss: 0.0237  avg_val_loss: 0.0064  time: 26s
Epoch 2 - Score: 0.9479
Epoch 3 - avg_train_loss: 0.0159  avg_val_loss: 0.0060  time: 26s
Epoch 3 - Score: 0.9588
Epoch 3 - Save Best Score: 0.9588 Model
Epoch 4 - avg_train_loss: 0.0140  avg_val_loss: 0.0056  time: 26s
Epoch 4 - Score: 0.9588
Epoch 5 - avg_train_loss: 0.0133  avg_val_loss: 0.0057  time: 26s
Epoch 5 - Score: 0.9588
========== fold: 0 result ==========
Score: 0.9588
========== fold: 1 training ==========
Epoch 1 - avg_train_loss: 0.1800  avg_val_loss: 0.0054  time: 26s
Epoch 1 - Score: 0.9729
Epoch 1 - Save Best Score: 0.9729 Model
Epoch 2 - avg_train_loss: 0.0140  avg_val_loss: 0.0039  time: 26s
Epoch 2 - Score: 0.9729
Epoch 3 - avg_train_loss: 0.0129  avg_val_loss: 0.0038  time: 27s
Epoch 3 - Score: 0.9745
Epoch 3 - Save Best Score: 0.9745 Model
Epoch 4 - avg_train_loss: 0.0136  avg_val_loss: 0.0038  time: 27s
Epoch 4 - Score: 0.9745
Epoch 5 - avg_train_loss: 0.0113  avg_val_loss: 0.0038  time: 26s
Epoch 5 - Score: 0.9745
========== fold: 1 result ==========
Score: 0.9745
========== fold: 2 training ==========
Epoch 1 - avg_train_loss: 0.2084  avg_val_loss: 0.0198  time: 26s
Epoch 1 - Score: 0.7774
Epoch 1 - Save Best Score: 0.7774 Model
Epoch 2 - avg_train_loss: 0.0113  avg_val_loss: 0.0113  time: 27s
Epoch 2 - Score: 0.8896
Epoch 2 - Save Best Score: 0.8896 Model
Epoch 3 - avg_train_loss: 0.0097  avg_val_loss: 0.0127  time: 26s
Epoch 3 - Score: 0.8861
Epoch 4 - avg_train_loss: 0.0095  avg_val_loss: 0.0125  time: 26s
Epoch 4 - Score: 0.8896
Epoch 5 - avg_train_loss: 0.0087  avg_val_loss: 0.0127  time: 26s
Epoch 5 - Score: 0.8861
========== fold: 2 result ==========
Score: 0.8896
========== fold: 3 training ==========
Epoch 1 - avg_train_loss: 0.1572  avg_val_loss: 0.0189  time: 26s
Epoch 1 - Score: 0.8298
Epoch 1 - Save Best Score: 0.8298 Model
Epoch 2 - avg_train_loss: 0.0133  avg_val_loss: 0.0225  time: 26s
Epoch 2 - Score: 0.8291
Epoch 3 - avg_train_loss: 0.0121  avg_val_loss: 0.0231  time: 26s
Epoch 3 - Score: 0.8291
Epoch 4 - avg_train_loss: 0.0099  avg_val_loss: 0.0231  time: 26s
Epoch 4 - Score: 0.8384
Epoch 4 - Save Best Score: 0.8384 Model
pn_history max(lengths): 433
feature_text max(lengths): 30
max_len: 466
========== fold: 0 training ==========
Epoch 1 - avg_train_loss: 0.1271  avg_val_loss: 0.0083  time: 28s
Epoch 1 - Score: 0.9362
Epoch 1 - Save Best Score: 0.9362 Model
Epoch 2 - avg_train_loss: 0.0185  avg_val_loss: 0.0055  time: 26s
Epoch 2 - Score: 0.9588
Epoch 2 - Save Best Score: 0.9588 Model
Epoch 3 - avg_train_loss: 0.0133  avg_val_loss: 0.0057  time: 26s
Epoch 3 - Score: 0.9588
Epoch 4 - avg_train_loss: 0.0112  avg_val_loss: 0.0057  time: 26s
Epoch 4 - Score: 0.9588
Epoch 5 - avg_train_loss: 0.0095  avg_val_loss: 0.0057  time: 26s
Epoch 5 - Score: 0.9588
========== fold: 0 result ==========
Score: 0.9588
========== fold: 1 training ==========
Epoch 1 - avg_train_loss: 0.1816  avg_val_loss: 0.0064  time: 26s
Epoch 1 - Score: 0.9631
Epoch 1 - Save Best Score: 0.9631 Model
Epoch 2 - avg_train_loss: 0.0148  avg_val_loss: 0.0050  time: 26s
Epoch 2 - Score: 0.9729
Epoch 2 - Save Best Score: 0.9729 Model
Epoch 3 - avg_train_loss: 0.0144  avg_val_loss: 0.0049  time: 26s
Epoch 3 - Score: 0.9729
Epoch 4 - avg_train_loss: 0.0130  avg_val_loss: 0.0048  time: 26s
Epoch 4 - Score: 0.9729
Epoch 5 - avg_train_loss: 0.0124  avg_val_loss: 0.0047  time: 26s
Epoch 5 - Score: 0.9729
========== fold: 1 result ==========
Score: 0.9729
========== fold: 2 training ==========
Epoch 1 - avg_train_loss: 0.2107  avg_val_loss: 0.0174  time: 26s
Epoch 1 - Score: 0.7840
Epoch 1 - Save Best Score: 0.7840 Model
Epoch 2 - avg_train_loss: 0.0122  avg_val_loss: 0.0108  time: 26s
Epoch 2 - Score: 0.9017
Epoch 2 - Save Best Score: 0.9017 Model
Epoch 3 - avg_train_loss: 0.0104  avg_val_loss: 0.0113  time: 26s
Epoch 3 - Score: 0.8948
Epoch 4 - avg_train_loss: 0.0100  avg_val_loss: 0.0114  time: 26s
Epoch 4 - Score: 0.8948
Epoch 5 - avg_train_loss: 0.0094  avg_val_loss: 0.0114  time: 26s
Epoch 5 - Score: 0.9102
Epoch 5 - Save Best Score: 0.9102 Model
========== fold: 2 result ==========
Score: 0.9102
========== fold: 3 training ==========
Epoch 1 - avg_train_loss: 0.1591  avg_val_loss: 0.0175  time: 26s
Epoch 1 - Score: 0.8255
Epoch 1 - Save Best Score: 0.8255 Model
Epoch 2 - avg_train_loss: 0.0140  avg_val_loss: 0.0206  time: 26s
Epoch 2 - Score: 0.8312
Epoch 2 - Save Best Score: 0.8312 Model
Epoch 3 - avg_train_loss: 0.0115  avg_val_loss: 0.0215  time: 26s
Epoch 3 - Score: 0.8384
Epoch 3 - Save Best Score: 0.8384 Model
Epoch 4 - avg_train_loss: 0.0100  avg_val_loss: 0.0216  time: 26s
Epoch 4 - Score: 0.8438
Epoch 4 - Save Best Score: 0.8438 Model
Epoch 5 - avg_train_loss: 0.0109  avg_val_loss: 0.0217  time: 26s
Epoch 5 - Score: 0.8438
========== fold: 3 result ==========
Score: 0.8438
========== fold: 4 training ==========
Epoch 1 - avg_train_loss: 0.1721  avg_val_loss: 0.0277  time: 26s
Epoch 1 - Score: 0.7387
Epoch 1 - Save Best Score: 0.7387 Model
Epoch 2 - avg_train_loss: 0.0089  avg_val_loss: 0.0501  time: 26s
Epoch 2 - Score: 0.7450
Epoch 2 - Save Best Score: 0.7450 Model
Epoch 3 - avg_train_loss: 0.0090  avg_val_loss: 0.0488  time: 28s
Epoch 3 - Score: 0.7404
Epoch 4 - avg_train_loss: 0.0083  avg_val_loss: 0.0501  time: 28s
Epoch 4 - Score: 0.7375
Epoch 5 - avg_train_loss: 0.0079  avg_val_loss: 0.0501  time: 27s
Epoch 5 - Score: 0.7375
========== fold: 4 result ==========
Score: 0.7450
========== CV ==========
Score: 0.8840
========== fold: 0 training ==========
Epoch 1 - avg_train_loss: 0.1914  avg_val_loss: 0.0028  time: 26s
Epoch 1 - Score: 0.9914
Epoch 1 - Save Best Score: 0.9914 Model
Epoch 2 - avg_train_loss: 0.0094  avg_val_loss: 0.0027  time: 28s
Epoch 2 - Score: 0.9914
Epoch 3 - avg_train_loss: 0.0061  avg_val_loss: 0.0027  time: 28s
Epoch 3 - Score: 0.9914
Epoch 4 - avg_train_loss: 0.0046  avg_val_loss: 0.0028  time: 27s
Epoch 4 - Score: 0.9914
Epoch 5 - avg_train_loss: 0.0049  avg_val_loss: 0.0028  time: 26s
Epoch 5 - Score: 0.9914
========== fold: 0 result ==========
Score: 0.9914
========== fold: 1 training ==========
Epoch 1 - avg_train_loss: 0.1348  avg_val_loss: 0.0041  time: 26s
Epoch 1 - Score: 0.9845
Epoch 1 - Save Best Score: 0.9845 Model
Epoch 2 - avg_train_loss: 0.0062  avg_val_loss: 0.0030  time: 26s
Epoch 2 - Score: 0.9867
Epoch 2 - Save Best Score: 0.9867 Model
Epoch 3 - avg_train_loss: 0.0051  avg_val_loss: 0.0033  time: 26s
Epoch 3 - Score: 0.9867
Epoch 4 - avg_train_loss: 0.0047  avg_val_loss: 0.0033  time: 26s
Epoch 4 - Score: 0.9867
Epoch 5 - avg_train_loss: 0.0041  avg_val_loss: 0.0033  time: 26s
Epoch 5 - Score: 0.9867
========== fold: 1 result ==========
Score: 0.9867
========== fold: 2 training ==========
Epoch 1 - avg_train_loss: 0.2145  avg_val_loss: 0.0101  time: 26s
Epoch 1 - Score: 0.9463
Epoch 1 - Save Best Score: 0.9463 Model
Epoch 2 - avg_train_loss: 0.0101  avg_val_loss: 0.0170  time: 26s
Epoch 2 - Score: 0.9310
Epoch 3 - avg_train_loss: 0.0073  avg_val_loss: 0.0176  time: 26s
Epoch 3 - Score: 0.9351
Epoch 4 - avg_train_loss: 0.0054  avg_val_loss: 0.0174  time: 26s
Epoch 4 - Score: 0.9351
Epoch 5 - avg_train_loss: 0.0053  avg_val_loss: 0.0175  time: 26s
Epoch 5 - Score: 0.9351
========== fold: 2 result ==========
Score: 0.9463
========== fold: 3 training ==========
Epoch 1 - avg_train_loss: 0.2642  avg_val_loss: 0.0073  time: 26s
Epoch 1 - Score: 0.9402
Epoch 1 - Save Best Score: 0.9402 Model
Epoch 2 - avg_train_loss: 0.0075  avg_val_loss: 0.0056  time: 26s
Epoch 2 - Score: 0.9660
Epoch 2 - Save Best Score: 0.9660 Model
Epoch 3 - avg_train_loss: 0.0061  avg_val_loss: 0.0052  time: 26s
Epoch 3 - Score: 0.9744
Epoch 3 - Save Best Score: 0.9744 Model
Epoch 4 - avg_train_loss: 0.0048  avg_val_loss: 0.0051  time: 26s
Epoch 4 - Score: 0.9744
Epoch 5 - avg_train_loss: 0.0040  avg_val_loss: 0.0051  time: 26s
Epoch 5 - Score: 0.9744
========== fold: 3 result ==========
Score: 0.9744
========== fold: 4 training ==========
Epoch 1 - avg_train_loss: 0.2277  avg_val_loss: 0.0145  time: 26s
Epoch 1 - Score: 0.9211
Epoch 1 - Save Best Score: 0.9211 Model
Epoch 2 - avg_train_loss: 0.0065  avg_val_loss: 0.0182  time: 26s
Epoch 2 - Score: 0.9286
Epoch 2 - Save Best Score: 0.9286 Model
Epoch 3 - avg_train_loss: 0.0048  avg_val_loss: 0.0175  time: 26s
Epoch 3 - Score: 0.9438
Epoch 3 - Save Best Score: 0.9438 Model
pn_history max(lengths): 433
feature_text max(lengths): 30
max_len: 466
========== fold: 0 training ==========
Epoch 1 - avg_train_loss: 0.1469  avg_val_loss: 0.0187  time: 24s
Epoch 1 - Score: 0.8428
Epoch 1 - Save Best Score: 0.8428 Model
Epoch 2 - avg_train_loss: 0.0167  avg_val_loss: 0.0112  time: 23s
Epoch 2 - Score: 0.9068
Epoch 2 - Save Best Score: 0.9068 Model
Epoch 3 - avg_train_loss: 0.0107  avg_val_loss: 0.0097  time: 23s
Epoch 3 - Score: 0.9101
Epoch 3 - Save Best Score: 0.9101 Model
Epoch 4 - avg_train_loss: 0.0090  avg_val_loss: 0.0099  time: 23s
Epoch 4 - Score: 0.9162
Epoch 4 - Save Best Score: 0.9162 Model
Epoch 5 - avg_train_loss: 0.0079  avg_val_loss: 0.0098  time: 23s
Epoch 5 - Score: 0.9162
========== fold: 0 result ==========
Score: 0.9162
========== fold: 1 training ==========
Epoch 1 - avg_train_loss: 0.2095  avg_val_loss: 0.0187  time: 23s
Epoch 1 - Score: 0.7831
Epoch 1 - Save Best Score: 0.7831 Model
Epoch 2 - avg_train_loss: 0.0117  avg_val_loss: 0.0191  time: 23s
Epoch 2 - Score: 0.8347
Epoch 2 - Save Best Score: 0.8347 Model
Epoch 3 - avg_train_loss: 0.0100  avg_val_loss: 0.0207  time: 23s
Epoch 3 - Score: 0.8408
Epoch 3 - Save Best Score: 0.8408 Model
Epoch 4 - avg_train_loss: 0.0113  avg_val_loss: 0.0215  time: 23s
Epoch 4 - Score: 0.8408
Epoch 5 - avg_train_loss: 0.0108  avg_val_loss: 0.0215  time: 23s
Epoch 5 - Score: 0.8408
========== fold: 1 result ==========
Score: 0.8408
========== fold: 2 training ==========
Epoch 1 - avg_train_loss: 0.2555  avg_val_loss: 0.0287  time: 23s
Epoch 1 - Score: 0.5430
Epoch 1 - Save Best Score: 0.5430 Model
Epoch 2 - avg_train_loss: 0.0201  avg_val_loss: 0.0181  time: 23s
Epoch 2 - Score: 0.8423
Epoch 2 - Save Best Score: 0.8423 Model
Epoch 3 - avg_train_loss: 0.0134  avg_val_loss: 0.0163  time: 23s
Epoch 3 - Score: 0.8664
Epoch 3 - Save Best Score: 0.8664 Model
Epoch 4 - avg_train_loss: 0.0114  avg_val_loss: 0.0154  time: 23s
Epoch 4 - Score: 0.8839
Epoch 4 - Save Best Score: 0.8839 Model
Epoch 5 - avg_train_loss: 0.0114  avg_val_loss: 0.0154  time: 23s
Epoch 5 - Score: 0.8839
========== fold: 2 result ==========
Score: 0.8839
========== CV ==========
Score: 0.8814
========== fold: 0 training ==========
Epoch 1 - avg_train_loss: 0.1983  avg_val_loss: 0.0117  time: 23s
Epoch 1 - Score: 0.9282
Epoch 1 - Save Best Score: 0.9282 Model
Epoch 2 - avg_train_loss: 0.0115  avg_val_loss: 0.0070  time: 23s
Epoch 2 - Score: 0.9601
Epoch 2 - Save Best Score: 0.9601 Model
Epoch 3 - avg_train_loss: 0.0076  avg_val_loss: 0.0072  time: 23s
Epoch 3 - Score: 0.9601
Epoch 4 - avg_train_loss: 0.0079  avg_val_loss: 0.0074  time: 23s
Epoch 4 - Score: 0.9588
Epoch 5 - avg_train_loss: 0.0079  avg_val_loss: 0.0075  time: 23s
Epoch 5 - Score: 0.9581
========== fold: 0 result ==========
Score: 0.9601
========== fold: 1 training ==========
Epoch 1 - avg_train_loss: 0.2056  avg_val_loss: 0.0451  time: 23s
Epoch 1 - Score: 0.8110
Epoch 1 - Save Best Score: 0.8110 Model
Epoch 2 - avg_train_loss: 0.0159  avg_val_loss: 0.0517  time: 23s
Epoch 2 - Score: 0.8666
Epoch 2 - Save Best Score: 0.8666 Model
Epoch 3 - avg_train_loss: 0.0134  avg_val_loss: 0.0420  time: 23s
Epoch 3 - Score: 0.8762
Epoch 3 - Save Best Score: 0.8762 Model
Epoch 4 - avg_train_loss: 0.0119  avg_val_loss: 0.0396  time: 23s
Epoch 4 - Score: 0.8813
Epoch 4 - Save Best Score: 0.8813 Model
Epoch 5 - avg_train_loss: 0.0107  avg_val_loss: 0.0375  time: 23s
Epoch 5 - Score: 0.8813
========== fold: 1 result ==========
Score: 0.8813
========== fold: 2 training ==========
Epoch 1 - avg_train_loss: 0.2256  avg_val_loss: 0.0110  time: 23s
Epoch 1 - Score: 0.9712
Epoch 1 - Save Best Score: 0.9712 Model
Epoch 2 - avg_train_loss: 0.0063  avg_val_loss: 0.0070  time: 23s
Epoch 2 - Score: 0.9651
Epoch 3 - avg_train_loss: 0.0041  avg_val_loss: 0.0072  time: 23s
Epoch 3 - Score: 0.9692
Epoch 4 - avg_train_loss: 0.0038  avg_val_loss: 0.0074  time: 23s
Epoch 4 - Score: 0.9713
Epoch 4 - Save Best Score: 0.9713 Model
Epoch 5 - avg_train_loss: 0.0043  avg_val_loss: 0.0074  time: 23s
Epoch 5 - Score: 0.9713
========== fold: 2 result ==========
Score: 0.9713
========== CV ==========
Score: 0.9391
========== fold: 0 training ==========
Epoch 1 - avg_train_loss: 0.1411  avg_val_loss: 0.0133  time: 23s
Epoch 1 - Score: 0.7959
Epoch 1 - Save Best Score: 0.7959 Model
Epoch 2 - avg_train_loss: 0.0111  avg_val_loss: 0.0075  time: 23s
Epoch 2 - Score: 0.8641
Epoch 2 - Save Best Score: 0.8641 Model
Epoch 3 - avg_train_loss: 0.0085  avg_val_loss: 0.0073  time: 23s
Epoch 3 - Score: 0.8856
Epoch 3 - Save Best Score: 0.8856 Model
Epoch 4 - avg_train_loss: 0.0054  avg_val_loss: 0.0080  time: 23s
Epoch 4 - Score: 0.8810
Epoch 5 - avg_train_loss: 0.0052  avg_val_loss: 0.0080  time: 23s
Epoch 5 - Score: 0.8859
Epoch 5 - Save Best Score: 0.8859 Model
========== fold: 0 result ==========
Score: 0.8859
========== fold: 1 training ==========
Epoch 1 - avg_train_loss: 0.2355  avg_val_loss: 0.0325  time: 23s
Epoch 1 - Score: 0.5600
Epoch 1 - Save Best Score: 0.5600 Model
Epoch 2 - avg_train_loss: 0.0070  avg_val_loss: 0.0189  time: 23s
Epoch 2 - Score: 0.7587
Epoch 2 - Save Best Score: 0.7587 Model
Epoch 3 - avg_train_loss: 0.0060  avg_val_loss: 0.0236  time: 24s
Epoch 3 - Score: 0.7623
Epoch 3 - Save Best Score: 0.7623 Model
Epoch 4 - avg_train_loss: 0.0053  avg_val_loss: 0.0224  time: 24s
Epoch 4 - Score: 0.7623
Epoch 5 - avg_train_loss: 0.0047  avg_val_loss: 0.0224  time: 23s
Epoch 5 - Score: 0.7623
========== fold: 1 result ==========
Score: 0.7623
========== fold: 2 training ==========
Epoch 1 - avg_train_loss: 0.3159  avg_val_loss: 0.0175  time: 23s
Epoch 1 - Score: 0.0000
Epoch 2 - avg_train_loss: 0.0231  avg_val_loss: 0.0135  time: 23s
Epoch 2 - Score: 0.0503
Epoch 2 - Save Best Score: 0.0503 Model
Epoch 3 - avg_train_loss: 0.0187  avg_val_loss: 0.0118  time: 23s
Epoch 3 - Score: 0.7781
Epoch 3 - Save Best Score: 0.7781 Model
Epoch 4 - avg_train_loss: 0.0154  avg_val_loss: 0.0111  time: 23s
Epoch 4 - Score: 0.8910
Epoch 4 - Save Best Score: 0.8910 Model
Epoch 5 - avg_train_loss: 0.0127  avg_val_loss: 0.0111  time: 23s
Epoch 5 - Score: 0.9120
Epoch 5 - Save Best Score: 0.9120 Model
========== fold: 2 result ==========
Score: 0.9120
========== CV ==========
Score: 0.8593
========== fold: 0 training ==========
Epoch 1 - avg_train_loss: 0.2947  avg_val_loss: 0.0414  time: 23s
Epoch 1 - Score: 0.2889
Epoch 1 - Save Best Score: 0.2889 Model
Epoch 2 - avg_train_loss: 0.0436  avg_val_loss: 0.0370  time: 23s
Epoch 2 - Score: 0.4376
Epoch 2 - Save Best Score: 0.4376 Model
Epoch 3 - avg_train_loss: 0.0337  avg_val_loss: 0.0330  time: 23s
Epoch 3 - Score: 0.4577
Epoch 3 - Save Best Score: 0.4577 Model
Epoch 4 - avg_train_loss: 0.0303  avg_val_loss: 0.0320  time: 23s
Epoch 4 - Score: 0.4852
Epoch 4 - Save Best Score: 0.4852 Model
Epoch 5 - avg_train_loss: 0.0294  avg_val_loss: 0.0318  time: 23s
Epoch 5 - Score: 0.4885
Epoch 5 - Save Best Score: 0.4885 Model
========== fold: 0 result ==========
Score: 0.4885
========== fold: 1 training ==========
Epoch 1 - avg_train_loss: 0.1994  avg_val_loss: 0.0392  time: 23s
Epoch 1 - Score: 0.2650
Epoch 1 - Save Best Score: 0.2650 Model
Epoch 2 - avg_train_loss: 0.0294  avg_val_loss: 0.0365  time: 23s
Epoch 2 - Score: 0.5957
Epoch 2 - Save Best Score: 0.5957 Model
Epoch 3 - avg_train_loss: 0.0248  avg_val_loss: 0.0354  time: 23s
Epoch 3 - Score: 0.5901
Epoch 4 - avg_train_loss: 0.0230  avg_val_loss: 0.0339  time: 23s
Epoch 4 - Score: 0.5992
Epoch 4 - Save Best Score: 0.5992 Model
Epoch 5 - avg_train_loss: 0.0212  avg_val_loss: 0.0336  time: 23s
Epoch 5 - Score: 0.6061
Epoch 5 - Save Best Score: 0.6061 Model
========== fold: 1 result ==========
Score: 0.6061
========== fold: 2 training ==========
Epoch 1 - avg_train_loss: 0.2112  avg_val_loss: 0.0371  time: 23s
Epoch 1 - Score: 0.5706
Epoch 1 - Save Best Score: 0.5706 Model
Epoch 2 - avg_train_loss: 0.0284  avg_val_loss: 0.0351  time: 23s
Epoch 2 - Score: 0.5729
Epoch 2 - Save Best Score: 0.5729 Model
Epoch 3 - avg_train_loss: 0.0226  avg_val_loss: 0.0337  time: 23s
Epoch 3 - Score: 0.6478
Epoch 3 - Save Best Score: 0.6478 Model
Epoch 4 - avg_train_loss: 0.0221  avg_val_loss: 0.0336  time: 23s
Epoch 4 - Score: 0.6643
Epoch 4 - Save Best Score: 0.6643 Model
Epoch 5 - avg_train_loss: 0.0216  avg_val_loss: 0.0335  time: 23s
Epoch 5 - Score: 0.6736
Epoch 5 - Save Best Score: 0.6736 Model
========== fold: 2 result ==========
Score: 0.6736
========== CV ==========
Score: 0.5965
========== fold: 0 training ==========
Epoch 1 - avg_train_loss: 0.2366  avg_val_loss: 0.0099  time: 23s
Epoch 1 - Score: 0.8669
Epoch 1 - Save Best Score: 0.8669 Model
Epoch 2 - avg_train_loss: 0.0260  avg_val_loss: 0.0119  time: 23s
Epoch 2 - Score: 0.8712
Epoch 2 - Save Best Score: 0.8712 Model
Epoch 3 - avg_train_loss: 0.0244  avg_val_loss: 0.0107  time: 23s
Epoch 3 - Score: 0.8712
Epoch 4 - avg_train_loss: 0.0187  avg_val_loss: 0.0101  time: 23s
Epoch 4 - Score: 0.8712
Epoch 5 - avg_train_loss: 0.0209  avg_val_loss: 0.0100  time: 23s
Epoch 5 - Score: 0.8712
========== fold: 0 result ==========
Score: 0.8712
========== fold: 1 training ==========
Epoch 1 - avg_train_loss: 0.1669  avg_val_loss: 0.0213  time: 23s
Epoch 1 - Score: 0.6507
Epoch 1 - Save Best Score: 0.6507 Model
Epoch 2 - avg_train_loss: 0.0118  avg_val_loss: 0.0254  time: 23s
Epoch 2 - Score: 0.6507
Epoch 3 - avg_train_loss: 0.0120  avg_val_loss: 0.0282  time: 23s
Epoch 3 - Score: 0.6507
Epoch 4 - avg_train_loss: 0.0130  avg_val_loss: 0.0302  time: 23s
Epoch 4 - Score: 0.6507
Epoch 5 - avg_train_loss: 0.0121  avg_val_loss: 0.0300  time: 23s
Epoch 5 - Score: 0.6507
========== fold: 1 result ==========
Score: 0.6507
========== fold: 2 training ==========
Epoch 1 - avg_train_loss: 0.1557  avg_val_loss: 0.0192  time: 23s
Epoch 1 - Score: 0.7967
Epoch 1 - Save Best Score: 0.7967 Model
Epoch 2 - avg_train_loss: 0.0242  avg_val_loss: 0.0224  time: 23s
Epoch 2 - Score: 0.8414
Epoch 2 - Save Best Score: 0.8414 Model
Epoch 3 - avg_train_loss: 0.0129  avg_val_loss: 0.0227  time: 23s
Epoch 3 - Score: 0.8124
Epoch 4 - avg_train_loss: 0.0115  avg_val_loss: 0.0229  time: 23s
Epoch 4 - Score: 0.7985
Epoch 5 - avg_train_loss: 0.0077  avg_val_loss: 0.0229  time: 23s
Epoch 5 - Score: 0.7985
========== fold: 2 result ==========
Score: 0.8414
========== CV ==========
Score: 0.8054
========== fold: 0 training ==========
Epoch 1 - avg_train_loss: 0.3000  avg_val_loss: 0.0371  time: 23s
Epoch 1 - Score: 0.0000
Epoch 2 - avg_train_loss: 0.0346  avg_val_loss: 0.0296  time: 23s
Epoch 2 - Score: 0.3920
Epoch 2 - Save Best Score: 0.3920 Model
Epoch 3 - avg_train_loss: 0.0277  avg_val_loss: 0.0265  time: 23s
Epoch 3 - Score: 0.5926
Epoch 3 - Save Best Score: 0.5926 Model
Epoch 4 - avg_train_loss: 0.0252  avg_val_loss: 0.0252  time: 23s
Epoch 4 - Score: 0.5912
Epoch 5 - avg_train_loss: 0.0237  avg_val_loss: 0.0249  time: 23s
Epoch 5 - Score: 0.6019
Epoch 5 - Save Best Score: 0.6019 Model
========== fold: 0 result ==========
Score: 0.6019
========== fold: 1 training ==========
Epoch 1 - avg_train_loss: 0.1406  avg_val_loss: 0.0388  time: 23s
Epoch 1 - Score: 0.0000
Epoch 2 - avg_train_loss: 0.0339  avg_val_loss: 0.0302  time: 23s
Epoch 2 - Score: 0.5538
Epoch 2 - Save Best Score: 0.5538 Model
Epoch 3 - avg_train_loss: 0.0241  avg_val_loss: 0.0255  time: 23s
Epoch 3 - Score: 0.5854
Epoch 3 - Save Best Score: 0.5854 Model
Epoch 4 - avg_train_loss: 0.0200  avg_val_loss: 0.0223  time: 23s
Epoch 4 - Score: 0.6287
Epoch 4 - Save Best Score: 0.6287 Model
Epoch 5 - avg_train_loss: 0.0197  avg_val_loss: 0.0224  time: 23s
Epoch 5 - Score: 0.6340
Epoch 5 - Save Best Score: 0.6340 Model
========== fold: 1 result ==========
Score: 0.6340
========== fold: 2 training ==========
Epoch 1 - avg_train_loss: 0.1362  avg_val_loss: 0.0352  time: 23s
Epoch 1 - Score: 0.4938
Epoch 1 - Save Best Score: 0.4938 Model
Epoch 2 - avg_train_loss: 0.0296  avg_val_loss: 0.0323  time: 23s
Epoch 2 - Score: 0.6023
Epoch 2 - Save Best Score: 0.6023 Model
Epoch 3 - avg_train_loss: 0.0227  avg_val_loss: 0.0282  time: 23s
Epoch 3 - Score: 0.6011
Epoch 4 - avg_train_loss: 0.0190  avg_val_loss: 0.0270  time: 23s
Epoch 4 - Score: 0.6114
Epoch 4 - Save Best Score: 0.6114 Model
Epoch 5 - avg_train_loss: 0.0187  avg_val_loss: 0.0266  time: 23s
Epoch 5 - Score: 0.6114
========== fold: 2 result ==========
Score: 0.6114
========== CV ==========
Score: 0.6151
========== fold: 0 training ==========
Epoch 1 - avg_train_loss: 0.1251  avg_val_loss: 0.0335  time: 23s
Epoch 1 - Score: 0.8209
Epoch 1 - Save Best Score: 0.8209 Model
Epoch 2 - avg_train_loss: 0.0247  avg_val_loss: 0.0315  time: 23s
Epoch 2 - Score: 0.8531
Epoch 2 - Save Best Score: 0.8531 Model
Epoch 3 - avg_train_loss: 0.0192  avg_val_loss: 0.0282  time: 23s
Epoch 3 - Score: 0.8531
Epoch 4 - avg_train_loss: 0.0178  avg_val_loss: 0.0284  time: 23s
Epoch 4 - Score: 0.8531
Epoch 5 - avg_train_loss: 0.0159  avg_val_loss: 0.0284  time: 23s
Epoch 5 - Score: 0.8531
========== fold: 0 result ==========
Score: 0.8531
========== fold: 1 training ==========
Epoch 1 - avg_train_loss: 0.1938  avg_val_loss: 0.0152  time: 23s
Epoch 1 - Score: 0.8924
Epoch 1 - Save Best Score: 0.8924 Model
Epoch 2 - avg_train_loss: 0.0108  avg_val_loss: 0.0119  time: 23s
Epoch 2 - Score: 0.9014
Epoch 2 - Save Best Score: 0.9014 Model
Epoch 3 - avg_train_loss: 0.0091  avg_val_loss: 0.0117  time: 23s
Epoch 3 - Score: 0.8904
Epoch 4 - avg_train_loss: 0.0077  avg_val_loss: 0.0117  time: 23s
Epoch 4 - Score: 0.8916
Epoch 5 - avg_train_loss: 0.0079  avg_val_loss: 0.0118  time: 23s
Epoch 5 - Score: 0.8904
========== fold: 1 result ==========
Score: 0.9014
========== fold: 2 training ==========
Epoch 1 - avg_train_loss: 0.2352  avg_val_loss: 0.0163  time: 23s
Epoch 1 - Score: 0.8711
Epoch 1 - Save Best Score: 0.8711 Model
Epoch 2 - avg_train_loss: 0.0131  avg_val_loss: 0.0094  time: 23s
Epoch 2 - Score: 0.9183
Epoch 2 - Save Best Score: 0.9183 Model
Epoch 3 - avg_train_loss: 0.0115  avg_val_loss: 0.0087  time: 23s
Epoch 3 - Score: 0.9183
Epoch 4 - avg_train_loss: 0.0097  avg_val_loss: 0.0084  time: 23s
Epoch 4 - Score: 0.9183
Epoch 5 - avg_train_loss: 0.0093  avg_val_loss: 0.0084  time: 23s
Epoch 5 - Score: 0.9183
========== fold: 2 result ==========
Score: 0.9183
========== CV ==========
Score: 0.8905
========== fold: 0 training ==========
Epoch 1 - avg_train_loss: 0.1625  avg_val_loss: 0.0103  time: 23s
Epoch 1 - Score: 0.8534
Epoch 1 - Save Best Score: 0.8534 Model
Epoch 2 - avg_train_loss: 0.0072  avg_val_loss: 0.0151  time: 23s
Epoch 2 - Score: 0.8534
Epoch 3 - avg_train_loss: 0.0078  avg_val_loss: 0.0156  time: 23s
Epoch 3 - Score: 0.8534
Epoch 4 - avg_train_loss: 0.0066  avg_val_loss: 0.0153  time: 23s
Epoch 4 - Score: 0.8534
Epoch 5 - avg_train_loss: 0.0069  avg_val_loss: 0.0153  time: 23s
Epoch 5 - Score: 0.8534
========== fold: 0 result ==========
Score: 0.8534
========== fold: 1 training ==========
Epoch 1 - avg_train_loss: 0.1451  avg_val_loss: 0.0115  time: 23s
Epoch 1 - Score: 0.8182
Epoch 1 - Save Best Score: 0.8182 Model
Epoch 2 - avg_train_loss: 0.0069  avg_val_loss: 0.0098  time: 23s
Epoch 2 - Score: 0.8155
Epoch 3 - avg_train_loss: 0.0056  avg_val_loss: 0.0110  time: 23s
Epoch 3 - Score: 0.8720
Epoch 3 - Save Best Score: 0.8720 Model
Epoch 4 - avg_train_loss: 0.0056  avg_val_loss: 0.0108  time: 23s
Epoch 4 - Score: 0.8720
Epoch 5 - avg_train_loss: 0.0058  avg_val_loss: 0.0112  time: 23s
Epoch 5 - Score: 0.8720
========== fold: 1 result ==========
Score: 0.8720
========== fold: 2 training ==========
Epoch 1 - avg_train_loss: 0.2395  avg_val_loss: 0.0056  time: 23s
Epoch 1 - Score: 0.9074
Epoch 1 - Save Best Score: 0.9074 Model
Epoch 2 - avg_train_loss: 0.0099  avg_val_loss: 0.0075  time: 23s
Epoch 2 - Score: 0.8988
Epoch 3 - avg_train_loss: 0.0097  avg_val_loss: 0.0085  time: 23s
Epoch 3 - Score: 0.8934
Epoch 4 - avg_train_loss: 0.0079  avg_val_loss: 0.0087  time: 23s
Epoch 4 - Score: 0.8874
Epoch 5 - avg_train_loss: 0.0075  avg_val_loss: 0.0088  time: 23s
Epoch 5 - Score: 0.8874
========== fold: 2 result ==========
Score: 0.9074
========== CV ==========
Score: 0.8768
========== fold: 0 training ==========
Epoch 1 - avg_train_loss: 0.1880  avg_val_loss: 0.0215  time: 23s
Epoch 1 - Score: 0.0000
Epoch 2 - avg_train_loss: 0.0203  avg_val_loss: 0.0123  time: 23s
Epoch 2 - Score: 0.0000
Epoch 3 - avg_train_loss: 0.0142  avg_val_loss: 0.0108  time: 23s
Epoch 3 - Score: 0.1263
Epoch 3 - Save Best Score: 0.1263 Model
Epoch 4 - avg_train_loss: 0.0136  avg_val_loss: 0.0097  time: 23s
Epoch 4 - Score: 0.4691
Epoch 4 - Save Best Score: 0.4691 Model
Epoch 5 - avg_train_loss: 0.0116  avg_val_loss: 0.0093  time: 23s
Epoch 5 - Score: 0.5060
Epoch 5 - Save Best Score: 0.5060 Model
========== fold: 0 result ==========
Score: 0.5060
========== fold: 1 training ==========
Epoch 1 - avg_train_loss: 0.1490  avg_val_loss: 0.0420  time: 23s
Epoch 1 - Score: 0.0000
Epoch 2 - avg_train_loss: 0.0153  avg_val_loss: 0.0377  time: 23s
Epoch 2 - Score: 0.0000
Epoch 3 - avg_train_loss: 0.0117  avg_val_loss: 0.0372  time: 23s
Epoch 3 - Score: 0.4395
Epoch 3 - Save Best Score: 0.4395 Model
Epoch 4 - avg_train_loss: 0.0089  avg_val_loss: 0.0318  time: 23s
Epoch 4 - Score: 0.6167
Epoch 4 - Save Best Score: 0.6167 Model
Epoch 5 - avg_train_loss: 0.0078  avg_val_loss: 0.0317  time: 23s
Epoch 5 - Score: 0.6167
========== fold: 1 result ==========
Score: 0.6167
========== fold: 2 training ==========
Epoch 1 - avg_train_loss: 0.2176  avg_val_loss: 0.0139  time: 23s
Epoch 1 - Score: 0.0000
Epoch 2 - avg_train_loss: 0.0319  avg_val_loss: 0.0067  time: 23s
Epoch 2 - Score: 0.6617
Epoch 2 - Save Best Score: 0.6617 Model
Epoch 3 - avg_train_loss: 0.0132  avg_val_loss: 0.0056  time: 23s
Epoch 3 - Score: 0.4808
Epoch 4 - avg_train_loss: 0.0127  avg_val_loss: 0.0045  time: 23s
Epoch 4 - Score: 0.5846
Epoch 5 - avg_train_loss: 0.0109  avg_val_loss: 0.0044  time: 23s
Epoch 5 - Score: 0.5846
========== fold: 2 result ==========
Score: 0.6617
========== CV ==========
Score: 0.5876
========== fold: 0 training ==========
Epoch 1 - avg_train_loss: 0.1816  avg_val_loss: 0.0250  time: 23s
Epoch 1 - Score: 0.8081
Epoch 1 - Save Best Score: 0.8081 Model
Epoch 2 - avg_train_loss: 0.0178  avg_val_loss: 0.0250  time: 23s
Epoch 2 - Score: 0.8641
Epoch 2 - Save Best Score: 0.8641 Model
Epoch 3 - avg_train_loss: 0.0157  avg_val_loss: 0.0242  time: 23s
Epoch 3 - Score: 0.8654
Epoch 3 - Save Best Score: 0.8654 Model
Epoch 4 - avg_train_loss: 0.0132  avg_val_loss: 0.0257  time: 23s
Epoch 4 - Score: 0.8654
Epoch 5 - avg_train_loss: 0.0133  avg_val_loss: 0.0255  time: 23s
Epoch 5 - Score: 0.8654
========== fold: 0 result ==========
Score: 0.8654
========== fold: 1 training ==========
Epoch 1 - avg_train_loss: 0.1797  avg_val_loss: 0.0184  time: 23s
Epoch 1 - Score: 0.8446
Epoch 1 - Save Best Score: 0.8446 Model
Epoch 2 - avg_train_loss: 0.0170  avg_val_loss: 0.0148  time: 23s
Epoch 2 - Score: 0.8934
Epoch 2 - Save Best Score: 0.8934 Model
Epoch 3 - avg_train_loss: 0.0161  avg_val_loss: 0.0134  time: 23s
Epoch 3 - Score: 0.8912
Epoch 4 - avg_train_loss: 0.0103  avg_val_loss: 0.0134  time: 23s
Epoch 4 - Score: 0.8935
Epoch 4 - Save Best Score: 0.8935 Model
Epoch 5 - avg_train_loss: 0.0102  avg_val_loss: 0.0132  time: 23s
Epoch 5 - Score: 0.8857
========== fold: 1 result ==========
Score: 0.8935
========== fold: 2 training ==========
Epoch 1 - avg_train_loss: 0.1726  avg_val_loss: 0.0160  time: 23s
Epoch 1 - Score: 0.8654
Epoch 1 - Save Best Score: 0.8654 Model
Epoch 2 - avg_train_loss: 0.0173  avg_val_loss: 0.0169  time: 23s
Epoch 2 - Score: 0.8706
Epoch 2 - Save Best Score: 0.8706 Model
Epoch 3 - avg_train_loss: 0.0128  avg_val_loss: 0.0170  time: 23s
Epoch 3 - Score: 0.8740
Epoch 3 - Save Best Score: 0.8740 Model
Epoch 4 - avg_train_loss: 0.0113  avg_val_loss: 0.0171  time: 23s
Epoch 4 - Score: 0.8767
Epoch 4 - Save Best Score: 0.8767 Model
Epoch 5 - avg_train_loss: 0.0111  avg_val_loss: 0.0170  time: 23s
Epoch 5 - Score: 0.8813
Epoch 5 - Save Best Score: 0.8813 Model
========== fold: 2 result ==========
Score: 0.8813
========== CV ==========
Score: 0.8795
========== fold: 0 training ==========
Epoch 1 - avg_train_loss: 0.1773  avg_val_loss: 0.0252  time: 23s
Epoch 1 - Score: 0.7881
Epoch 1 - Save Best Score: 0.7881 Model
Epoch 2 - avg_train_loss: 0.0157  avg_val_loss: 0.0206  time: 23s
Epoch 2 - Score: 0.8336
Epoch 2 - Save Best Score: 0.8336 Model
Epoch 3 - avg_train_loss: 0.0104  avg_val_loss: 0.0186  time: 23s
Epoch 3 - Score: 0.8599
Epoch 3 - Save Best Score: 0.8599 Model
Epoch 4 - avg_train_loss: 0.0091  avg_val_loss: 0.0189  time: 23s
Epoch 4 - Score: 0.8599
Epoch 5 - avg_train_loss: 0.0086  avg_val_loss: 0.0189  time: 23s
Epoch 5 - Score: 0.8599
========== fold: 0 result ==========
Score: 0.8599
========== fold: 1 training ==========
Epoch 1 - avg_train_loss: 0.1186  avg_val_loss: 0.0294  time: 23s
Epoch 1 - Score: 0.7636
Epoch 1 - Save Best Score: 0.7636 Model
Epoch 2 - avg_train_loss: 0.0232  avg_val_loss: 0.0184  time: 23s
Epoch 2 - Score: 0.8392
Epoch 2 - Save Best Score: 0.8392 Model
Epoch 3 - avg_train_loss: 0.0166  avg_val_loss: 0.0169  time: 23s
Epoch 3 - Score: 0.8452
Epoch 3 - Save Best Score: 0.8452 Model
Epoch 4 - avg_train_loss: 0.0114  avg_val_loss: 0.0155  time: 23s
Epoch 4 - Score: 0.8520
Epoch 4 - Save Best Score: 0.8520 Model
Epoch 5 - avg_train_loss: 0.0105  avg_val_loss: 0.0154  time: 23s
Epoch 5 - Score: 0.8541
Epoch 5 - Save Best Score: 0.8541 Model
========== fold: 1 result ==========
Score: 0.8541
========== fold: 2 training ==========
Epoch 1 - avg_train_loss: 0.1284  avg_val_loss: 0.0121  time: 23s
Epoch 1 - Score: 0.8217
Epoch 1 - Save Best Score: 0.8217 Model
Epoch 2 - avg_train_loss: 0.0203  avg_val_loss: 0.0100  time: 23s
Epoch 2 - Score: 0.8425
Epoch 2 - Save Best Score: 0.8425 Model
Epoch 3 - avg_train_loss: 0.0125  avg_val_loss: 0.0101  time: 24s
Epoch 3 - Score: 0.8641
Epoch 3 - Save Best Score: 0.8641 Model
pn_history max(lengths): 433
feature_text max(lengths): 30
max_len: 466
========== fold: 0 training ==========
========== fold: 0 training ==========
========== fold: 0 training ==========
pn_history max(lengths): 433
feature_text max(lengths): 30
max_len: 466
========== fold: 0 training ==========
pn_history max(lengths): 433
feature_text max(lengths): 30
max_len: 466
========== fold: 0 training ==========
pn_history max(lengths): 433
feature_text max(lengths): 30
max_len: 466
========== fold: 0 training ==========
Epoch 1 - avg_train_loss: 0.1484  avg_val_loss: 0.0804  time: 28s
Epoch 1 - Score: 0.0000
pn_history max(lengths): 433
feature_text max(lengths): 30
max_len: 466
========== fold: 0 training ==========
Epoch 1 - avg_train_loss: 0.1484  avg_val_loss: 0.0804  time: 27s
Epoch 1 - Score: 0.0000
========== fold: 0 training ==========
pn_history max(lengths): 433
feature_text max(lengths): 30
max_len: 466
========== fold: 0 training ==========
Epoch 1 - avg_train_loss: 0.1484  avg_val_loss: 0.0804  time: 28s
Epoch 1 - Score: 0.0000
pn_history max(lengths): 433
feature_text max(lengths): 30
max_len: 466
========== fold: 0 training ==========
pn_history max(lengths): 433
feature_text max(lengths): 30
max_len: 466
========== fold: 0 training ==========
pn_history max(lengths): 433
feature_text max(lengths): 30
max_len: 466
========== fold: 0 training ==========
Epoch 1 - avg_train_loss: 0.1484  avg_val_loss: 0.0804  time: 28s
Epoch 1 - Score: 0.0000
Epoch 2 - avg_train_loss: 0.0553  avg_val_loss: 0.0785  time: 27s
Epoch 2 - Score: 0.0000
pn_history max(lengths): 433
feature_text max(lengths): 30
max_len: 466
========== fold: 0 training ==========
pn_history max(lengths): 433
feature_text max(lengths): 30
max_len: 466
========== fold: 0 training ==========
Epoch 1 - avg_train_loss: 0.1484  avg_val_loss: 0.0804  time: 38s
Epoch 1 - Score: 0.0000
Epoch 2 - avg_train_loss: 0.0553  avg_val_loss: 0.0785  time: 37s
Epoch 2 - Score: 0.0000
pn_history max(lengths): 433
feature_text max(lengths): 30
max_len: 466
========== fold: 0 training ==========
Epoch 1 - avg_train_loss: 0.1322  avg_val_loss: 0.0675  time: 49s
Epoch 1 - Score: 0.0000
Epoch 2 - avg_train_loss: 0.0520  avg_val_loss: 0.0616  time: 26s
Epoch 2 - Score: 0.0000
pn_history max(lengths): 433
feature_text max(lengths): 30
max_len: 466
========== fold: 0 training ==========
Epoch 1 - avg_train_loss: 0.0527  avg_val_loss: 0.0337  time: 272s
Epoch 1 - Score: 0.0023
Epoch 1 - Save Best Score: 0.0023 Model
Epoch 2 - avg_train_loss: 0.0230  avg_val_loss: 0.0354  time: 273s
Epoch 2 - Score: 0.0025
Epoch 2 - Save Best Score: 0.0025 Model
========== fold: 0 result ==========
Score: 0.0025
========== CV ==========
Score: 0.0025
pn_history max(lengths): 433
feature_text max(lengths): 30
max_len: 466
========== fold: 0 training ==========
Epoch 1 - avg_train_loss: 0.0246  avg_val_loss: 0.0208  time: 3860s
Epoch 1 - Score: 0.8352
Epoch 1 - Save Best Score: 0.8352 Model
Epoch 2 - avg_train_loss: 0.0156  avg_val_loss: 0.0158  time: 3884s
Epoch 2 - Score: 0.8576
Epoch 2 - Save Best Score: 0.8576 Model
Epoch 3 - avg_train_loss: 0.0110  avg_val_loss: 0.0159  time: 3911s
Epoch 3 - Score: 0.8656
Epoch 3 - Save Best Score: 0.8656 Model
Epoch 4 - avg_train_loss: 0.0084  avg_val_loss: 0.0188  time: 3859s
Epoch 4 - Score: 0.8686
Epoch 4 - Save Best Score: 0.8686 Model
Epoch 5 - avg_train_loss: 0.0067  avg_val_loss: 0.0213  time: 3806s
Epoch 5 - Score: 0.8696
Epoch 5 - Save Best Score: 0.8696 Model
========== fold: 0 result ==========
Score: 0.8696
========== fold: 1 training ==========
pn_history max(lengths): 433
feature_text max(lengths): 30
max_len: 466
========== fold: 0 training ==========
pn_history max(lengths): 433
feature_text max(lengths): 30
max_len: 466
========== fold: 0 training ==========
Epoch 1 - avg_train_loss: 0.2141  avg_val_loss: 0.1092  time: 19s
Epoch 1 - Score: 0.0000
Epoch 2 - avg_train_loss: 0.0699  avg_val_loss: 0.1194  time: 17s
Epoch 2 - Score: 0.0000
pn_history max(lengths): 433
feature_text max(lengths): 30
max_len: 466
========== fold: 0 training ==========
Epoch 1 - avg_train_loss: 0.0315  avg_val_loss: 0.0228  time: 2409s
Epoch 1 - Score: 0.7988
Epoch 1 - Save Best Score: 0.7988 Model
Epoch 2 - avg_train_loss: 0.0179  avg_val_loss: 0.0191  time: 2411s
Epoch 2 - Score: 0.8423
Epoch 2 - Save Best Score: 0.8423 Model
pn_history max(lengths): 433
feature_text max(lengths): 30
max_len: 466
========== fold: 0 training ==========
Epoch 1 - avg_train_loss: 0.0315  avg_val_loss: 0.0228  time: 2400s
Epoch 1 - Score: 0.7988
Epoch 1 - Save Best Score: 0.7988 Model
Epoch 2 - avg_train_loss: 0.0179  avg_val_loss: 0.0191  time: 2403s
Epoch 2 - Score: 0.8423
Epoch 2 - Save Best Score: 0.8423 Model
Epoch 3 - avg_train_loss: 0.0129  avg_val_loss: 0.0203  time: 2417s
Epoch 3 - Score: 0.8494
Epoch 3 - Save Best Score: 0.8494 Model
Epoch 4 - avg_train_loss: 0.0091  avg_val_loss: 0.0201  time: 2422s
Epoch 4 - Score: 0.8593
Epoch 4 - Save Best Score: 0.8593 Model
Epoch 5 - avg_train_loss: 0.0074  avg_val_loss: 0.0205  time: 2418s
Epoch 5 - Score: 0.8604
Epoch 5 - Save Best Score: 0.8604 Model
========== fold: 0 result ==========
Score: 0.8604
========== CV ==========
Score: 0.8604
pn_history max(lengths): 329
feature_text max(lengths): 29
max_len: 361
========== fold: 0 training ==========
Epoch 1 - avg_train_loss: 0.0268  avg_val_loss: 0.0182  time: 1912s
Epoch 1 - Score: 0.7061
Epoch 1 - Save Best Score: 0.7061 Model
Epoch 2 - avg_train_loss: 0.0142  avg_val_loss: 0.0211  time: 1908s
Epoch 2 - Score: 0.7091
Epoch 2 - Save Best Score: 0.7091 Model
pn_history max(lengths): 323
feature_text max(lengths): 28
max_len: 354
========== fold: 0 training ==========
pn_history max(lengths): 323
feature_text max(lengths): 28
max_len: 354
========== fold: 0 training ==========
pn_history max(lengths): 323
feature_text max(lengths): 28
max_len: 354
========== fold: 0 training ==========
pn_history max(lengths): 323
feature_text max(lengths): 28
max_len: 354
========== fold: 0 training ==========
pn_history max(lengths): 377
feature_text max(lengths): 24
max_len: 404
========== fold: 0 training ==========
pn_history max(lengths): 377
feature_text max(lengths): 24
max_len: 404
========== fold: 0 training ==========
pn_history max(lengths): 377
feature_text max(lengths): 24
max_len: 404
========== fold: 0 training ==========
pn_history max(lengths): 377
feature_text max(lengths): 24
max_len: 404
========== fold: 0 training ==========
pn_history max(lengths): 433
feature_text max(lengths): 30
max_len: 466
========== fold: 0 training ==========
pn_history max(lengths): 377
feature_text max(lengths): 24
max_len: 404
========== fold: 0 training ==========
pn_history max(lengths): 433
feature_text max(lengths): 30
max_len: 466
========== fold: 0 training ==========
pn_history max(lengths): 433
feature_text max(lengths): 30
max_len: 466
========== fold: 0 training ==========
pn_history max(lengths): 433
feature_text max(lengths): 30
max_len: 466
========== fold: 0 training ==========
pn_history max(lengths): 433
feature_text max(lengths): 30
max_len: 466
========== fold: 0 training ==========
pn_history max(lengths): 433
feature_text max(lengths): 30
max_len: 466
========== fold: 0 training ==========
pn_history max(lengths): 433
feature_text max(lengths): 30
max_len: 466
========== fold: 0 training ==========
pn_history max(lengths): 433
feature_text max(lengths): 30
max_len: 466
========== fold: 0 training ==========
========== fold: 0 training ==========
pn_history max(lengths): 433
feature_text max(lengths): 30
max_len: 466
========== fold: 0 training ==========
pn_history max(lengths): 433
feature_text max(lengths): 30
max_len: 466
========== fold: 0 training ==========
pn_history max(lengths): 433
feature_text max(lengths): 30
max_len: 466
========== fold: 0 training ==========
pn_history max(lengths): 433
feature_text max(lengths): 30
max_len: 466
========== fold: 0 training ==========
========== fold: 0 training ==========
========== fold: 0 training ==========
pn_history max(lengths): 433
feature_text max(lengths): 30
max_len: 466
========== fold: 0 training ==========
pn_history max(lengths): 433
feature_text max(lengths): 30
max_len: 466
========== fold: 0 training ==========
pn_history max(lengths): 433
feature_text max(lengths): 30
max_len: 466
========== fold: 0 training ==========
pn_history max(lengths): 433
feature_text max(lengths): 30
max_len: 466
========== fold: 0 training ==========
pn_history max(lengths): 433
feature_text max(lengths): 30
max_len: 466
========== fold: 0 training ==========
pn_history max(lengths): 433
feature_text max(lengths): 30
max_len: 466
========== fold: 0 training ==========
pn_history max(lengths): 433
feature_text max(lengths): 30
max_len: 466
========== fold: 0 training ==========
pn_history max(lengths): 433
feature_text max(lengths): 30
max_len: 466
========== fold: 0 training ==========
pn_history max(lengths): 433
feature_text max(lengths): 30
max_len: 466
========== fold: 0 training ==========
pn_history max(lengths): 433
feature_text max(lengths): 30
max_len: 466
========== fold: 0 training ==========
pn_history max(lengths): 433
feature_text max(lengths): 30
max_len: 466
========== fold: 0 training ==========
pn_history max(lengths): 433
feature_text max(lengths): 30
max_len: 466
========== fold: 0 training ==========
pn_history max(lengths): 433
feature_text max(lengths): 30
max_len: 466
========== fold: 0 training ==========
pn_history max(lengths): 433
feature_text max(lengths): 30
max_len: 466
========== fold: 0 training ==========
pn_history max(lengths): 390
feature_text max(lengths): 30
max_len: 423
========== fold: 0 training ==========
pn_history max(lengths): 390
feature_text max(lengths): 30
max_len: 423
========== fold: 0 training ==========
pn_history max(lengths): 390
feature_text max(lengths): 30
max_len: 423
========== fold: 0 training ==========
Epoch 1 - avg_train_loss: 0.0226  avg_val_loss: 0.0134  time: 9960s
Epoch 1 - Score: 0.8548
Epoch 1 - Save Best Score: 0.8548 Model
Epoch 2 - avg_train_loss: 0.0094  avg_val_loss: 0.0122  time: 9960s
Epoch 2 - Score: 0.8680
Epoch 2 - Save Best Score: 0.8680 Model
pn_history max(lengths): 390
feature_text max(lengths): 30
max_len: 423
========== fold: 0 training ==========
pn_history max(lengths): 390
feature_text max(lengths): 30
max_len: 423
========== fold: 0 training ==========
pn_history max(lengths): 390
feature_text max(lengths): 30
max_len: 423
========== fold: 0 training ==========
pn_history max(lengths): 390
feature_text max(lengths): 30
max_len: 423
========== fold: 0 training ==========
pn_history max(lengths): 390
feature_text max(lengths): 30
max_len: 423
========== fold: 0 training ==========
pn_history max(lengths): 390
feature_text max(lengths): 30
max_len: 423
========== fold: 0 training ==========
Epoch 3 - avg_train_loss: 0.0070  avg_val_loss: 0.0197  time: 9847s
Epoch 3 - Score: 0.8600
Epoch 3 - Save Best Score: 0.8600 Model
pn_history max(lengths): 390
feature_text max(lengths): 30
max_len: 423
========== fold: 0 training ==========
pn_history max(lengths): 390
feature_text max(lengths): 30
max_len: 423
========== fold: 0 training ==========
Epoch 1 - avg_train_loss: 0.0226  avg_val_loss: 0.0142  time: 9989s
Epoch 1 - Score: 0.8488
Epoch 1 - Save Best Score: 0.8488 Model
Epoch 2 - avg_train_loss: 0.0095  avg_val_loss: 0.0130  time: 9978s
Epoch 2 - Score: 0.8647
Epoch 2 - Save Best Score: 0.8647 Model
Epoch 3 - avg_train_loss: 0.0078  avg_val_loss: 0.0141  time: 9976s
Epoch 3 - Score: 0.8625
pn_history max(lengths): 385
feature_text max(lengths): 30
max_len: 418
========== fold: 0 training ==========
Epoch 1 - avg_train_loss: 0.4320  avg_val_loss: 0.1018  time: 42s
Epoch 1 - Score: 0.0000
Epoch 2 - avg_train_loss: 0.0858  avg_val_loss: 0.0641  time: 41s
Epoch 2 - Score: 0.0000
========== fold: 0 training ==========
Epoch 1 - avg_train_loss: 0.9774  avg_val_loss: 0.3251  time: 41s
Epoch 1 - Score: 0.0000
Epoch 2 - avg_train_loss: 0.2988  avg_val_loss: 0.2509  time: 41s
Epoch 2 - Score: 0.0000
========== fold: 0 training ==========
pn_history max(lengths): 385
feature_text max(lengths): 30
max_len: 418
========== fold: 0 training ==========
Epoch 1 - avg_train_loss: 0.4320  avg_val_loss: 0.1018  time: 41s
Epoch 1 - Score: 0.0000
Epoch 2 - avg_train_loss: 0.0858  avg_val_loss: 0.0641  time: 41s
Epoch 2 - Score: 0.0000
pn_history max(lengths): 390
feature_text max(lengths): 30
max_len: 423
========== fold: 0 training ==========
pn_history max(lengths): 390
feature_text max(lengths): 30
max_len: 423
========== fold: 0 training ==========
pn_history max(lengths): 390
feature_text max(lengths): 30
max_len: 423
========== fold: 0 training ==========
pn_history max(lengths): 390
feature_text max(lengths): 30
max_len: 423
========== fold: 0 training ==========
pn_history max(lengths): 390
feature_text max(lengths): 30
max_len: 423
========== fold: 0 training ==========
pn_history max(lengths): 390
feature_text max(lengths): 30
max_len: 423
========== fold: 0 training ==========
pn_history max(lengths): 390
feature_text max(lengths): 30
max_len: 423
========== fold: 0 training ==========
pn_history max(lengths): 390
feature_text max(lengths): 30
max_len: 423
========== fold: 0 training ==========
pn_history max(lengths): 390
feature_text max(lengths): 30
max_len: 423
========== fold: 0 training ==========
pn_history max(lengths): 390
feature_text max(lengths): 30
max_len: 423
========== fold: 0 training ==========
pn_history max(lengths): 390
feature_text max(lengths): 30
max_len: 423
========== fold: 0 training ==========
pn_history max(lengths): 390
feature_text max(lengths): 30
max_len: 423
========== fold: 0 training ==========
pn_history max(lengths): 390
feature_text max(lengths): 30
max_len: 423
========== fold: 0 training ==========
pn_history max(lengths): 390
feature_text max(lengths): 30
max_len: 423
========== fold: 0 training ==========
Epoch 1 - avg_train_loss: 0.0514  avg_val_loss: 0.0895  time: 1247s
Epoch 1 - Score: 0.7547
Epoch 1 - Save Best Score: 0.7547 Model
pn_history max(lengths): 390
feature_text max(lengths): 30
max_len: 423
========== fold: 0 training ==========
pn_history max(lengths): 390
feature_text max(lengths): 30
max_len: 423
========== fold: 0 training ==========
Epoch 1 - avg_train_loss: 0.0209  avg_val_loss: 0.1238  time: 10042s
Epoch 1 - Score: 0.8631
pn_history max(lengths): 390
feature_text max(lengths): 30
max_len: 423
========== fold: 0 training ==========
Epoch 2 - avg_train_loss: 0.0179  avg_val_loss: 0.1201  time: 10065s
Epoch 2 - Score: 0.8562
Epoch 2 - Save Best Score: 0.8562 Model
pn_history max(lengths): 390
feature_text max(lengths): 30
max_len: 423
========== fold: 0 training ==========
Epoch 1 - avg_train_loss: 0.0236  avg_val_loss: 0.1208  time: 10079s
Epoch 1 - Score: 0.8528
Epoch 1 - Save Best Score: 0.8528 Model
Epoch 2 - avg_train_loss: 0.0100  avg_val_loss: 0.1260  time: 10098s
Epoch 2 - Score: 0.8571
Epoch 2 - Save Best Score: 0.8571 Model
Epoch 3 - avg_train_loss: 0.0088  avg_val_loss: 0.1300  time: 10094s
Epoch 3 - Score: 0.8605
Epoch 3 - Save Best Score: 0.8605 Model
Epoch 4 - avg_train_loss: 0.0074  avg_val_loss: 0.1387  time: 10091s
Epoch 4 - Score: 0.8610
Epoch 4 - Save Best Score: 0.8610 Model
Epoch 5 - avg_train_loss: 0.0063  avg_val_loss: 0.1500  time: 10146s
Epoch 5 - Score: 0.8616
Epoch 5 - Save Best Score: 0.8616 Model
pn_history max(lengths): 390
feature_text max(lengths): 30
max_len: 423
========== fold: 0 training ==========
Epoch 1 - avg_train_loss: 0.0255  avg_val_loss: 0.0134  time: 6220s
Epoch 1 - Score: 0.8376
Epoch 1 - Save Best Score: 0.8376 Model
Epoch 2 - avg_train_loss: 0.0105  avg_val_loss: 0.0124  time: 6229s
Epoch 2 - Score: 0.8622
Epoch 2 - Save Best Score: 0.8622 Model
Epoch 3 - avg_train_loss: 0.0081  avg_val_loss: 0.0122  time: 6234s
Epoch 3 - Score: 0.8668
Epoch 3 - Save Best Score: 0.8668 Model
Epoch 4 - avg_train_loss: 0.0071  avg_val_loss: 0.0126  time: 6225s
Epoch 4 - Score: 0.8683
Epoch 4 - Save Best Score: 0.8683 Model
Epoch 5 - avg_train_loss: 0.0064  avg_val_loss: 0.0129  time: 6232s
Epoch 5 - Score: 0.8673
========== fold: 0 result ==========
Score: 0.8683
========== CV ==========
Score: 0.8683
pn_history max(lengths): 378
feature_text max(lengths): 24
max_len: 405
========== fold: 0 training ==========
pn_history max(lengths): 309
feature_text max(lengths): 28
max_len: 340
========== fold: 0 training ==========
pn_history max(lengths): 309
feature_text max(lengths): 28
max_len: 340
========== fold: 0 training ==========
pn_history max(lengths): 309
feature_text max(lengths): 28
max_len: 340
========== fold: 0 training ==========
Epoch 1 - avg_train_loss: 0.0207  avg_val_loss: 0.0148  time: 15291s
Epoch 1 - Score: 0.8620
Epoch 1 - Save Best Score: 0.8620 Model
Epoch 2 - avg_train_loss: 0.0109  avg_val_loss: 0.0156  time: 15130s
Epoch 2 - Score: 0.8794
Epoch 2 - Save Best Score: 0.8794 Model
Epoch 3 - avg_train_loss: 0.0091  avg_val_loss: 0.0163  time: 15078s
Epoch 3 - Score: 0.8826
Epoch 3 - Save Best Score: 0.8826 Model
Epoch 4 - avg_train_loss: 0.0066  avg_val_loss: 0.0193  time: 15213s
Epoch 4 - Score: 0.8811
pn_history max(lengths): 309
feature_text max(lengths): 28
max_len: 340
========== fold: 1 training ==========
Epoch 1 - avg_train_loss: 0.0216  avg_val_loss: 0.0146  time: 15258s
Epoch 1 - Score: 0.8511
Epoch 1 - Save Best Score: 0.8511 Model
Epoch 2 - avg_train_loss: 0.0113  avg_val_loss: 0.0168  time: 15251s
Epoch 2 - Score: 0.8726
Epoch 2 - Save Best Score: 0.8726 Model
Epoch 3 - avg_train_loss: 0.0093  avg_val_loss: 0.0187  time: 15312s
Epoch 3 - Score: 0.8732
Epoch 3 - Save Best Score: 0.8732 Model
Epoch 4 - avg_train_loss: 0.0075  avg_val_loss: 0.0200  time: 15580s
Epoch 4 - Score: 0.8751
Epoch 4 - Save Best Score: 0.8751 Model
Epoch 5 - avg_train_loss: 0.0061  avg_val_loss: 0.0204  time: 15732s
Epoch 5 - Score: 0.8754
Epoch 5 - Save Best Score: 0.8754 Model
========== fold: 1 result ==========
Score: 0.8754
========== CV ==========
Score: 0.8754
pn_history max(lengths): 309
feature_text max(lengths): 28
max_len: 340
========== fold: 2 training ==========
Epoch 1 - avg_train_loss: 0.0203  avg_val_loss: 0.0136  time: 15531s
Epoch 1 - Score: 0.8531
Epoch 1 - Save Best Score: 0.8531 Model
Epoch 2 - avg_train_loss: 0.0101  avg_val_loss: 0.0159  time: 15487s
Epoch 2 - Score: 0.8762
Epoch 2 - Save Best Score: 0.8762 Model
Epoch 3 - avg_train_loss: 0.0086  avg_val_loss: 0.0174  time: 15744s
Epoch 3 - Score: 0.8759
pn_history max(lengths): 309
feature_text max(lengths): 28
max_len: 340
========== fold: 3 training ==========
pn_history max(lengths): 309
feature_text max(lengths): 28
max_len: 340
========== fold: 3 training ==========
Epoch 1 - avg_train_loss: 0.0201  avg_val_loss: 0.0128  time: 15078s
Epoch 1 - Score: 0.8668
Epoch 1 - Save Best Score: 0.8668 Model
Epoch 2 - avg_train_loss: 0.0102  avg_val_loss: 0.0153  time: 15243s
Epoch 2 - Score: 0.8817
Epoch 2 - Save Best Score: 0.8817 Model
Epoch 3 - avg_train_loss: 0.0087  avg_val_loss: 0.0174  time: 15293s
Epoch 3 - Score: 0.8849
Epoch 3 - Save Best Score: 0.8849 Model
Epoch 4 - avg_train_loss: 0.0068  avg_val_loss: 0.0156  time: 15460s
Epoch 4 - Score: 0.8843
pn_history max(lengths): 309
feature_text max(lengths): 28
max_len: 340
========== fold: 4 training ==========
Epoch 1 - avg_train_loss: 0.0206  avg_val_loss: 0.0119  time: 15272s
Epoch 1 - Score: 0.8722
Epoch 1 - Save Best Score: 0.8722 Model
Epoch 2 - avg_train_loss: 0.0102  avg_val_loss: 0.0139  time: 15322s
Epoch 2 - Score: 0.8849
Epoch 2 - Save Best Score: 0.8849 Model
Epoch 3 - avg_train_loss: 0.0089  avg_val_loss: 0.0156  time: 15368s
Epoch 3 - Score: 0.8881
Epoch 3 - Save Best Score: 0.8881 Model
Epoch 4 - avg_train_loss: 0.0070  avg_val_loss: 0.0171  time: 15496s
Epoch 4 - Score: 0.8880
Epoch 5 - avg_train_loss: 0.0057  avg_val_loss: 0.0179  time: 15916s
Epoch 5 - Score: 0.8851
========== fold: 4 result ==========
Score: 0.8881
========== CV ==========
Score: 0.8881
pn_history max(lengths): 309
feature_text max(lengths): 28
max_len: 340
========== fold: 0 training ==========
pn_history max(lengths): 309
feature_text max(lengths): 28
max_len: 340
========== fold: 0 training ==========
pn_history max(lengths): 309
feature_text max(lengths): 28
max_len: 340
========== fold: 0 training ==========
pn_history max(lengths): 309
feature_text max(lengths): 28
max_len: 340
========== fold: 0 training ==========
Epoch 1 - avg_train_loss: 0.0324  avg_val_loss: 0.0191  time: 3079s
Epoch 1 - Score: 0.8022
Epoch 1 - New Score: 0.8033
Epoch 1 - Save Best Score: 0.8022 Model
pn_history max(lengths): 309
feature_text max(lengths): 28
max_len: 340
========== fold: 0 training ==========
Epoch 1 - avg_train_loss: 0.0164  avg_val_loss: 0.0149  time: 23358s
Epoch 1 - Score: 0.8830
Epoch 1 - New Score: 0.8852
Epoch 1 - Save Best Score: 0.8830 Model
Epoch 2 - avg_train_loss: 0.0089  avg_val_loss: 0.0177  time: 23594s
Epoch 2 - Score: 0.8880
Epoch 2 - New Score: 0.8899
Epoch 2 - Save Best Score: 0.8880 Model
Epoch 3 - avg_train_loss: 0.0077  avg_val_loss: 0.0178  time: 23086s
Epoch 3 - Score: 0.8919
Epoch 3 - New Score: 0.8938
Epoch 3 - Save Best Score: 0.8919 Model
pn_history max(lengths): 309
feature_text max(lengths): 28
max_len: 340
========== fold: 0 training ==========
Epoch 4 - avg_train_loss: 0.0061  avg_val_loss: 0.0241  time: 23204s
Epoch 4 - Score: 0.8800
Epoch 4 - New Score: 0.8821
========== fold: 0 result ==========
Score: 0.8919
========== fold: 1 training ==========
Epoch 1 - avg_train_loss: 0.0165  avg_val_loss: 0.0145  time: 23352s
Epoch 1 - Score: 0.8833
Epoch 1 - New Score: 0.8853
Epoch 1 - Save Best Score: 0.8833 Model
pn_history max(lengths): 309
feature_text max(lengths): 28
max_len: 340
========== fold: 1 training ==========
Epoch 1 - avg_train_loss: 0.0170  avg_val_loss: 0.0134  time: 23173s
Epoch 1 - Score: 0.8805
Epoch 1 - New Score: 0.8826
Epoch 1 - Save Best Score: 0.8805 Model
Epoch 2 - avg_train_loss: 0.0086  avg_val_loss: 0.0162  time: 23193s
Epoch 2 - Score: 0.8861
Epoch 2 - New Score: 0.8881
Epoch 2 - Save Best Score: 0.8861 Model
Epoch 3 - avg_train_loss: 0.0078  avg_val_loss: 0.0191  time: 23188s
Epoch 3 - Score: 0.8975
Epoch 3 - New Score: 0.8993
Epoch 3 - Save Best Score: 0.8975 Model
Epoch 4 - avg_train_loss: 0.0058  avg_val_loss: 0.0180  time: 23094s
Epoch 4 - Score: 0.8963
Epoch 4 - New Score: 0.8978
Epoch 4 - Save Best Score: 0.8963 Model
pn_history max(lengths): 309
feature_text max(lengths): 28
max_len: 340
========== fold: 2 training ==========
Epoch 1 - avg_train_loss: 0.0581  avg_val_loss: 0.0337  time: 23211s
Epoch 1 - Score: 0.6806
Epoch 1 - New Score: 0.6810
Epoch 1 - Save Best Score: 0.6810 Model
Epoch 2 - avg_train_loss: 0.0220  avg_val_loss: 0.0186  time: 23285s
Epoch 2 - Score: 0.8015
Epoch 2 - New Score: 0.8025
Epoch 2 - Save Best Score: 0.8025 Model
Epoch 3 - avg_train_loss: 0.0163  avg_val_loss: 0.0199  time: 23387s
Epoch 3 - Score: 0.8297
Epoch 3 - New Score: 0.8308
Epoch 3 - Save Best Score: 0.8308 Model
Epoch 4 - avg_train_loss: 0.0125  avg_val_loss: 0.0191  time: 23266s
Epoch 4 - Score: 0.8393
Epoch 4 - New Score: 0.8407
Epoch 4 - Save Best Score: 0.8407 Model
pn_history max(lengths): 309
feature_text max(lengths): 28
max_len: 340
pn_history max(lengths): 309
feature_text max(lengths): 28
max_len: 340
========== fold: full training ==========
pn_history max(lengths): 309
feature_text max(lengths): 28
max_len: 340
========== fold: full training ==========
Epoch 1 - avg_train_loss: 0.0490 time: 1220s
pn_history max(lengths): 309
feature_text max(lengths): 28
max_len: 340
pn_history max(lengths): 309
feature_text max(lengths): 28
max_len: 340
========== fold: full training ==========
Epoch 1 - avg_train_loss: 0.0483 time: 1218s
Epoch 1 - Save Best Score: 0.0483 Model
Epoch 2 - avg_train_loss: 0.0148 time: 1220s
Epoch 2 - Save Best Score: 0.0148 Model
pn_history max(lengths): 309
feature_text max(lengths): 28
max_len: 340
========== fold: full training ==========
Epoch 1 - avg_train_loss: 0.0153 time: 28772s
Epoch 1 - Save Best Score: 0.0153 Model
Epoch 2 - avg_train_loss: 0.0088 time: 28539s
Epoch 2 - Save Best Score: 0.0088 Model
Epoch 3 - avg_train_loss: 0.0076 time: 28165s
Epoch 3 - Save Best Score: 0.0076 Model
